<?xml version="1.0" encoding="UTF-8"?>
<testsuite name="com.kodilla.spring.portfolio.BoardConfigTestSuiteWithRunner" tests="0" skipped="0" failures="0" errors="0" timestamp="1970-01-01T00:00:00" hostname="DESKTOP-7LAPE2A" time="0.0">
  <properties/>
  <system-out><![CDATA[23:46:25.014 [Test worker] DEBUG org.springframework.test.context.junit4.SpringJUnit4ClassRunner - SpringJUnit4ClassRunner constructor called with [class com.kodilla.spring.portfolio.BoardConfigTestSuiteWithRunner]
23:46:25.014 [Test worker] DEBUG org.springframework.test.context.BootstrapUtils - Instantiating CacheAwareContextLoaderDelegate from class [org.springframework.test.context.cache.DefaultCacheAwareContextLoaderDelegate]
23:46:25.014 [Test worker] DEBUG org.springframework.test.context.BootstrapUtils - Instantiating BootstrapContext using constructor [public org.springframework.test.context.support.DefaultBootstrapContext(java.lang.Class,org.springframework.test.context.CacheAwareContextLoaderDelegate)]
23:46:25.014 [Test worker] DEBUG org.springframework.test.context.BootstrapUtils - Instantiating TestContextBootstrapper for test class [com.kodilla.spring.portfolio.BoardConfigTestSuiteWithRunner] from class [org.springframework.boot.test.context.SpringBootTestContextBootstrapper]
23:46:25.014 [Test worker] INFO org.springframework.boot.test.context.SpringBootTestContextBootstrapper - Neither @ContextConfiguration nor @ContextHierarchy found for test class [com.kodilla.spring.portfolio.BoardConfigTestSuiteWithRunner], using SpringBootContextLoader
23:46:25.014 [Test worker] DEBUG org.springframework.test.context.support.AbstractContextLoader - Did not detect default resource location for test class [com.kodilla.spring.portfolio.BoardConfigTestSuiteWithRunner]: class path resource [com/kodilla/spring/portfolio/BoardConfigTestSuiteWithRunner-context.xml] does not exist
23:46:25.014 [Test worker] DEBUG org.springframework.test.context.support.AbstractContextLoader - Did not detect default resource location for test class [com.kodilla.spring.portfolio.BoardConfigTestSuiteWithRunner]: class path resource [com/kodilla/spring/portfolio/BoardConfigTestSuiteWithRunnerContext.groovy] does not exist
23:46:25.014 [Test worker] INFO org.springframework.test.context.support.AbstractContextLoader - Could not detect default resource locations for test class [com.kodilla.spring.portfolio.BoardConfigTestSuiteWithRunner]: no resource found for suffixes {-context.xml, Context.groovy}.
23:46:25.014 [Test worker] INFO org.springframework.test.context.support.AnnotationConfigContextLoaderUtils - Could not detect default configuration classes for test class [com.kodilla.spring.portfolio.BoardConfigTestSuiteWithRunner]: BoardConfigTestSuiteWithRunner does not declare any static, non-private, non-final, nested classes annotated with @Configuration.
23:46:25.030 [Test worker] DEBUG org.springframework.test.context.support.ActiveProfilesUtils - Could not find an 'annotation declaring class' for annotation type [org.springframework.test.context.ActiveProfiles] and class [com.kodilla.spring.portfolio.BoardConfigTestSuiteWithRunner]
23:46:25.030 [Test worker] DEBUG org.springframework.core.env.StandardEnvironment - Adding PropertySource 'systemProperties' with lowest search precedence
23:46:25.030 [Test worker] DEBUG org.springframework.core.env.StandardEnvironment - Adding PropertySource 'systemEnvironment' with lowest search precedence
23:46:25.030 [Test worker] DEBUG org.springframework.core.env.StandardEnvironment - Initialized StandardEnvironment with PropertySources [MapPropertySource@656084453 {name='systemProperties', properties={java.runtime.name=Java(TM) SE Runtime Environment, sun.boot.library.path=C:\Program Files\Java\jdk1.8.0_152\jre\bin, java.vm.version=25.152-b16, java.vm.vendor=Oracle Corporation, java.vendor.url=http://java.oracle.com/, path.separator=;, java.vm.name=Java HotSpot(TM) 64-Bit Server VM, file.encoding.pkg=sun.io, user.script=, sun.java.launcher=SUN_STANDARD, user.country=PL, sun.os.patch.level=, java.vm.specification.name=Java Virtual Machine Specification, user.dir=D:\bartosz-biernacki-kodilla-java-master\kodilla-spring, java.runtime.version=1.8.0_152-b16, java.awt.graphicsenv=sun.awt.Win32GraphicsEnvironment, java.endorsed.dirs=C:\Program Files\Java\jdk1.8.0_152\jre\lib\endorsed, os.arch=amd64, java.io.tmpdir=C:\Users\MSI_GS~1\AppData\Local\Temp\, line.separator=
, java.vm.specification.vendor=Oracle Corporation, user.variant=, os.name=Windows 10, sun.jnu.encoding=Cp1250, java.library.path=C:\Program Files\Java\jdk1.8.0_152\bin;C:\WINDOWS\Sun\Java\bin;C:\WINDOWS\system32;C:\WINDOWS;C:\ProgramData\Oracle\Java\javapath;C:\Program Files (x86)\Common Files\Intel\Shared Files\cpp\bin\Intel64;C:\Program Files\Java\jdk1.8.0_152\bin;C:\Windows\system32;C:\Windows;C:\Windows\System32\Wbem;C:\Windows\System32\WindowsPowerShell\v1.0\;C:\Program Files (x86)\NVIDIA Corporation\PhysX\Common;C:\WINDOWS\system32;C:\WINDOWS;C:\WINDOWS\System32\Wbem;C:\WINDOWS\System32\WindowsPowerShell\v1.0\;C:\Program Files\Git\cmd;C:\Program Files\Git\mingw64\bin;C:\Program Files\Git\usr\bin;C:\gradle-4.4.1\bin;C:\Program Files\PuTTY\;C:\Program Files (x86)\Subversion\bin;C:\WINDOWS\System32\OpenSSH\;C:\Users\MSI_GS60_6QE_GP\AppData\Local\Microsoft\WindowsApps;C:\Users\MSI_GS60_6QE_GP\AppData\Local\GitHubDesktop\bin;%USERPROFILE%\AppData\Local\Microsoft\WindowsApps;;., java.specification.name=Java Platform API Specification, java.class.version=52.0, sun.management.compiler=HotSpot 64-Bit Tiered Compilers, os.version=10.0, user.home=C:\Users\MSI_GS60_6QE_GP, user.timezone=Europe/Belgrade, java.awt.printerjob=sun.awt.windows.WPrinterJob, file.encoding=windows-1250, java.specification.version=1.8, java.class.path=D:\bartosz-biernacki-kodilla-java-master\kodilla-spring\build\classes\test;D:\bartosz-biernacki-kodilla-java-master\kodilla-spring\build\resources\test;D:\bartosz-biernacki-kodilla-java-master\kodilla-spring\build\classes\main;D:\bartosz-biernacki-kodilla-java-master\kodilla-spring\build\resources\main;C:\Kodilla\Development\Projects\kodilla-course\.gradle\4.4.1\caches\modules-2\files-2.1\org.springframework.boot\spring-boot-starter\1.5.9.RELEASE\6bfb34db2715ee86c6e2337fa145650588b4b1b3\spring-boot-starter-1.5.9.RELEASE.jar;C:\Kodilla\Development\Projects\kodilla-course\.gradle\4.4.1\caches\modules-2\files-2.1\org.springframework.boot\spring-boot-starter-test\1.5.9.RELEASE\b5adf6fbf53be00b7ae52f657d564122edbe5156\spring-boot-starter-test-1.5.9.RELEASE.jar;C:\Kodilla\Development\Projects\kodilla-course\.gradle\4.4.1\caches\modules-2\files-2.1\org.springframework.boot\spring-boot\1.5.9.RELEASE\f472cdf948288796fb31e0bb03f6e7b022b763a0\spring-boot-1.5.9.RELEASE.jar;C:\Kodilla\Development\Projects\kodilla-course\.gradle\4.4.1\caches\modules-2\files-2.1\org.springframework.boot\spring-boot-autoconfigure\1.5.9.RELEASE\88dd18bdaf317ae40971573a051fd47265f2ed39\spring-boot-autoconfigure-1.5.9.RELEASE.jar;C:\Kodilla\Development\Projects\kodilla-course\.gradle\4.4.1\caches\modules-2\files-2.1\org.springframework.boot\spring-boot-starter-logging\1.5.9.RELEASE\30fd62a1ce9639759d90d49608501082314c1628\spring-boot-starter-logging-1.5.9.RELEASE.jar;C:\Kodilla\Development\Projects\kodilla-course\.gradle\4.4.1\caches\modules-2\files-2.1\org.springframework\spring-core\4.3.13.RELEASE\eea18d7f4d01f1baa1b6728b678b5a6fe23c61f6\spring-core-4.3.13.RELEASE.jar;C:\Kodilla\Development\Projects\kodilla-course\.gradle\4.4.1\caches\modules-2\files-2.1\org.yaml\snakeyaml\1.17\7a27ea250c5130b2922b86dea63cbb1cc10a660c\snakeyaml-1.17.jar;C:\Kodilla\Development\Projects\kodilla-course\.gradle\4.4.1\caches\modules-2\files-2.1\org.springframework.boot\spring-boot-test\1.5.9.RELEASE\7e604d56325f04a8b89a280e647746fc69e5a21f\spring-boot-test-1.5.9.RELEASE.jar;C:\Kodilla\Development\Projects\kodilla-course\.gradle\4.4.1\caches\modules-2\files-2.1\org.springframework.boot\spring-boot-test-autoconfigure\1.5.9.RELEASE\b428495e25b0531b2a977f51c5d29011c817b8ee\spring-boot-test-autoconfigure-1.5.9.RELEASE.jar;C:\Kodilla\Development\Projects\kodilla-course\.gradle\4.4.1\caches\modules-2\files-2.1\com.jayway.jsonpath\json-path\2.2.0\22290d17944bd239fabf5ac69005a60a7ecbbbcb\json-path-2.2.0.jar;C:\Kodilla\Development\Projects\kodilla-course\.gradle\4.4.1\caches\modules-2\files-2.1\junit\junit\4.12\2973d150c0dc1fefe998f834810d68f278ea58ec\junit-4.12.jar;C:\Kodilla\Development\Projects\kodilla-course\.gradle\4.4.1\caches\modules-2\files-2.1\org.assertj\assertj-core\2.6.0\b532c3fc4f66bcfee4989a3514f1cd56203a33ad\assertj-core-2.6.0.jar;C:\Kodilla\Development\Projects\kodilla-course\.gradle\4.4.1\caches\modules-2\files-2.1\org.mockito\mockito-core\1.10.19\e8546f5bef4e061d8dd73895b4e8f40e3fe6effe\mockito-core-1.10.19.jar;C:\Kodilla\Development\Projects\kodilla-course\.gradle\4.4.1\caches\modules-2\files-2.1\org.hamcrest\hamcrest-core\1.3\42a25dc3219429f0e5d060061f71acb49bf010a0\hamcrest-core-1.3.jar;C:\Kodilla\Development\Projects\kodilla-course\.gradle\4.4.1\caches\modules-2\files-2.1\org.hamcrest\hamcrest-library\1.3\4785a3c21320980282f9f33d0d1264a69040538f\hamcrest-library-1.3.jar;C:\Kodilla\Development\Projects\kodilla-course\.gradle\4.4.1\caches\modules-2\files-2.1\org.skyscreamer\jsonassert\1.4.0\9cdbb373a06f6513e51e8c545ee6a5e981463edb\jsonassert-1.4.0.jar;C:\Kodilla\Development\Projects\kodilla-course\.gradle\4.4.1\caches\modules-2\files-2.1\org.springframework\spring-test\4.3.13.RELEASE\f4ff71b0d628d37f334d4f1f197c1b8cea364d01\spring-test-4.3.13.RELEASE.jar;C:\Kodilla\Development\Projects\kodilla-course\.gradle\4.4.1\caches\modules-2\files-2.1\org.springframework\spring-context\4.3.13.RELEASE\6ab1c189a13182fa3256f6bbc68fafdaf8f5a19e\spring-context-4.3.13.RELEASE.jar;C:\Kodilla\Development\Projects\kodilla-course\.gradle\4.4.1\caches\modules-2\files-2.1\ch.qos.logback\logback-classic\1.1.11\ccedfbacef4a6515d2983e3f89ed753d5d4fb665\logback-classic-1.1.11.jar;C:\Kodilla\Development\Projects\kodilla-course\.gradle\4.4.1\caches\modules-2\files-2.1\org.slf4j\jcl-over-slf4j\1.7.25\f8c32b13ff142a513eeb5b6330b1588dcb2c0461\jcl-over-slf4j-1.7.25.jar;C:\Kodilla\Development\Projects\kodilla-course\.gradle\4.4.1\caches\modules-2\files-2.1\org.slf4j\jul-to-slf4j\1.7.25\af5364cd6679bfffb114f0dec8a157aaa283b76\jul-to-slf4j-1.7.25.jar;C:\Kodilla\Development\Projects\kodilla-course\.gradle\4.4.1\caches\modules-2\files-2.1\org.slf4j\log4j-over-slf4j\1.7.25\a87bb47468f47ee7aabbd54f93e133d4215769c3\log4j-over-slf4j-1.7.25.jar;C:\Kodilla\Development\Projects\kodilla-course\.gradle\4.4.1\caches\modules-2\files-2.1\net.minidev\json-smart\2.2.1\5b9e5df7a62d1279b70dc882b041d249c4f0b002\json-smart-2.2.1.jar;C:\Kodilla\Development\Projects\kodilla-course\.gradle\4.4.1\caches\modules-2\files-2.1\org.slf4j\slf4j-api\1.7.25\da76ca59f6a57ee3102f8f9bd9cee742973efa8a\slf4j-api-1.7.25.jar;C:\Kodilla\Development\Projects\kodilla-course\.gradle\4.4.1\caches\modules-2\files-2.1\org.objenesis\objenesis\2.1\87c0ea803b69252868d09308b4618f766f135a96\objenesis-2.1.jar;C:\Kodilla\Development\Projects\kodilla-course\.gradle\4.4.1\caches\modules-2\files-2.1\com.vaadin.external.google\android-json\0.0.20131108.vaadin1\fa26d351fe62a6a17f5cda1287c1c6110dec413f\android-json-0.0.20131108.vaadin1.jar;C:\Kodilla\Development\Projects\kodilla-course\.gradle\4.4.1\caches\modules-2\files-2.1\org.springframework\spring-aop\4.3.13.RELEASE\61f427b55951f59b50f3c2bd0de3c48960e2a342\spring-aop-4.3.13.RELEASE.jar;C:\Kodilla\Development\Projects\kodilla-course\.gradle\4.4.1\caches\modules-2\files-2.1\org.springframework\spring-beans\4.3.13.RELEASE\8613a7077722f1d97f8cb3fea4b0b40bfadf4496\spring-beans-4.3.13.RELEASE.jar;C:\Kodilla\Development\Projects\kodilla-course\.gradle\4.4.1\caches\modules-2\files-2.1\org.springframework\spring-expression\4.3.13.RELEASE\da22bf7df1262e429b49653be6cd5b89b6affe5e\spring-expression-4.3.13.RELEASE.jar;C:\Kodilla\Development\Projects\kodilla-course\.gradle\4.4.1\caches\modules-2\files-2.1\ch.qos.logback\logback-core\1.1.11\88b8df40340eed549fb07e2613879bf6b006704d\logback-core-1.1.11.jar;C:\Kodilla\Development\Projects\kodilla-course\.gradle\4.4.1\caches\modules-2\files-2.1\net.minidev\accessors-smart\1.1\a527213f2fea112a04c9bdf0ec0264e34104cd08\accessors-smart-1.1.jar;C:\Kodilla\Development\Projects\kodilla-course\.gradle\4.4.1\caches\modules-2\files-2.1\org.ow2.asm\asm\5.0.3\dcc2193db20e19e1feca8b1240dbbc4e190824fa\asm-5.0.3.jar, user.name=MSI_GS60_6QE_GP, java.vm.specification.version=1.8, sun.java.command=worker.org.gradle.process.internal.worker.GradleWorkerMain 'Gradle Test Executor 1', java.home=C:\Program Files\Java\jdk1.8.0_152\jre, sun.arch.data.model=64, user.language=pl, java.specification.vendor=Oracle Corporation, awt.toolkit=sun.awt.windows.WToolkit, java.vm.info=mixed mode, java.version=1.8.0_152, java.ext.dirs=C:\Program Files\Java\jdk1.8.0_152\jre\lib\ext;C:\WINDOWS\Sun\Java\lib\ext, sun.boot.class.path=C:\Program Files\Java\jdk1.8.0_152\jre\lib\resources.jar;C:\Program Files\Java\jdk1.8.0_152\jre\lib\rt.jar;C:\Program Files\Java\jdk1.8.0_152\jre\lib\sunrsasign.jar;C:\Program Files\Java\jdk1.8.0_152\jre\lib\jsse.jar;C:\Program Files\Java\jdk1.8.0_152\jre\lib\jce.jar;C:\Program Files\Java\jdk1.8.0_152\jre\lib\charsets.jar;C:\Program Files\Java\jdk1.8.0_152\jre\lib\jfr.jar;C:\Program Files\Java\jdk1.8.0_152\jre\classes, java.vendor=Oracle Corporation, org.gradle.test.worker=1, file.separator=\, java.vendor.url.bug=http://bugreport.sun.com/bugreport/, sun.io.unicode.encoding=UnicodeLittle, sun.cpu.endian=little, sun.desktop=windows, sun.cpu.isalist=amd64}}, SystemEnvironmentPropertySource@1262864047 {name='systemEnvironment', properties={USERDOMAIN_ROAMINGPROFILE=DESKTOP-7LAPE2A, LOCALAPPDATA=C:\Users\MSI_GS60_6QE_GP\AppData\Local, PROCESSOR_LEVEL=6, APR_ICONV_PATH=C:\Program Files (x86)\Subversion\iconv, USERDOMAIN=DESKTOP-7LAPE2A, FPS_BROWSER_APP_PROFILE_STRING=Internet Explorer, LOGONSERVER=\\DESKTOP-7LAPE2A, JAVA_HOME=C:\Program Files\Java\jdk1.8.0_152, SESSIONNAME=Console, ALLUSERSPROFILE=C:\ProgramData, PROCESSOR_ARCHITECTURE=AMD64, PSModulePath=C:\WINDOWS\system32\WindowsPowerShell\v1.0\Modules\, SystemDrive=C:, OneDrive=C:\Users\MSI_GS60_6QE_GP\OneDrive - Pro-Komp, APPDATA=C:\Users\MSI_GS60_6QE_GP\AppData\Roaming, USERNAME=MSI_GS60_6QE_GP, ProgramFiles(x86)=C:\Program Files (x86), CommonProgramFiles=C:\Program Files\Common Files, Path=C:\ProgramData\Oracle\Java\javapath;C:\Program Files (x86)\Common Files\Intel\Shared Files\cpp\bin\Intel64;C:\Program Files\Java\jdk1.8.0_152\bin;C:\Windows\system32;C:\Windows;C:\Windows\System32\Wbem;C:\Windows\System32\WindowsPowerShell\v1.0\;C:\Program Files (x86)\NVIDIA Corporation\PhysX\Common;C:\WINDOWS\system32;C:\WINDOWS;C:\WINDOWS\System32\Wbem;C:\WINDOWS\System32\WindowsPowerShell\v1.0\;C:\Program Files\Git\cmd;C:\Program Files\Git\mingw64\bin;C:\Program Files\Git\usr\bin;C:\gradle-4.4.1\bin;C:\Program Files\PuTTY\;C:\Program Files (x86)\Subversion\bin;C:\WINDOWS\System32\OpenSSH\;C:\Users\MSI_GS60_6QE_GP\AppData\Local\Microsoft\WindowsApps;C:\Users\MSI_GS60_6QE_GP\AppData\Local\GitHubDesktop\bin;%USERPROFILE%\AppData\Local\Microsoft\WindowsApps;, FPS_BROWSER_USER_PROFILE_STRING=Default, PATHEXT=.COM;.EXE;.BAT;.CMD;.VBS;.VBE;.JS;.JSE;.WSF;.WSH;.MSC, DriverData=C:\Windows\System32\Drivers\DriverData, OS=Windows_NT, COMPUTERNAME=DESKTOP-7LAPE2A, PROCESSOR_REVISION=5e03, CommonProgramW6432=C:\Program Files\Common Files, ComSpec=C:\WINDOWS\system32\cmd.exe, ProgramData=C:\ProgramData, ProgramW6432=C:\Program Files, HOMEPATH=\Users\MSI_GS60_6QE_GP, SystemRoot=C:\WINDOWS, TEMP=C:\Users\MSI_GS~1\AppData\Local\Temp, HOMEDRIVE=C:, PROCESSOR_IDENTIFIER=Intel64 Family 6 Model 94 Stepping 3, GenuineIntel, USERPROFILE=C:\Users\MSI_GS60_6QE_GP, TMP=C:\Users\MSI_GS~1\AppData\Local\Temp, CommonProgramFiles(x86)=C:\Program Files (x86)\Common Files, ProgramFiles=C:\Program Files, PUBLIC=C:\Users\Public, NUMBER_OF_PROCESSORS=8, windir=C:\WINDOWS, =::=::\, C_EM64T_REDIST11=C:\Program Files (x86)\Common Files\Intel\Shared Files\cpp\}}]
23:46:25.030 [Test worker] DEBUG org.springframework.core.io.support.PathMatchingResourcePatternResolver - Resolved classpath location [com/kodilla/spring/portfolio/] to resources [URL [file:/D:/bartosz-biernacki-kodilla-java-master/kodilla-spring/build/classes/test/com/kodilla/spring/portfolio/], URL [file:/D:/bartosz-biernacki-kodilla-java-master/kodilla-spring/build/classes/main/com/kodilla/spring/portfolio/]]
23:46:25.030 [Test worker] DEBUG org.springframework.core.io.support.PathMatchingResourcePatternResolver - Looking for matching resources in directory tree [D:\bartosz-biernacki-kodilla-java-master\kodilla-spring\build\classes\test\com\kodilla\spring\portfolio]
23:46:25.030 [Test worker] DEBUG org.springframework.core.io.support.PathMatchingResourcePatternResolver - Searching directory [D:\bartosz-biernacki-kodilla-java-master\kodilla-spring\build\classes\test\com\kodilla\spring\portfolio] for files matching pattern [D:/bartosz-biernacki-kodilla-java-master/kodilla-spring/build/classes/test/com/kodilla/spring/portfolio/*.class]
23:46:25.030 [Test worker] DEBUG org.springframework.core.io.support.PathMatchingResourcePatternResolver - Looking for matching resources in directory tree [D:\bartosz-biernacki-kodilla-java-master\kodilla-spring\build\classes\main\com\kodilla\spring\portfolio]
23:46:25.030 [Test worker] DEBUG org.springframework.core.io.support.PathMatchingResourcePatternResolver - Searching directory [D:\bartosz-biernacki-kodilla-java-master\kodilla-spring\build\classes\main\com\kodilla\spring\portfolio] for files matching pattern [D:/bartosz-biernacki-kodilla-java-master/kodilla-spring/build/classes/main/com/kodilla/spring/portfolio/*.class]
23:46:25.030 [Test worker] DEBUG org.springframework.core.io.support.PathMatchingResourcePatternResolver - Resolved location pattern [classpath*:com/kodilla/spring/portfolio/*.class] to resources [file [D:\bartosz-biernacki-kodilla-java-master\kodilla-spring\build\classes\test\com\kodilla\spring\portfolio\BoardConfigTestSuite.class], file [D:\bartosz-biernacki-kodilla-java-master\kodilla-spring\build\classes\test\com\kodilla\spring\portfolio\BoardConfigTestSuiteWithRunner.class], file [D:\bartosz-biernacki-kodilla-java-master\kodilla-spring\build\classes\test\com\kodilla\spring\portfolio\BoardTestSuite.class], file [D:\bartosz-biernacki-kodilla-java-master\kodilla-spring\build\classes\main\com\kodilla\spring\portfolio\Board.class], file [D:\bartosz-biernacki-kodilla-java-master\kodilla-spring\build\classes\main\com\kodilla\spring\portfolio\BoardConfig.class], file [D:\bartosz-biernacki-kodilla-java-master\kodilla-spring\build\classes\main\com\kodilla\spring\portfolio\TaskList.class]]
23:46:25.030 [Test worker] DEBUG org.springframework.core.io.support.PathMatchingResourcePatternResolver - Resolved classpath location [com/kodilla/spring/] to resources [URL [file:/D:/bartosz-biernacki-kodilla-java-master/kodilla-spring/build/classes/test/com/kodilla/spring/], URL [file:/D:/bartosz-biernacki-kodilla-java-master/kodilla-spring/build/classes/main/com/kodilla/spring/]]
23:46:25.030 [Test worker] DEBUG org.springframework.core.io.support.PathMatchingResourcePatternResolver - Looking for matching resources in directory tree [D:\bartosz-biernacki-kodilla-java-master\kodilla-spring\build\classes\test\com\kodilla\spring]
23:46:25.030 [Test worker] DEBUG org.springframework.core.io.support.PathMatchingResourcePatternResolver - Searching directory [D:\bartosz-biernacki-kodilla-java-master\kodilla-spring\build\classes\test\com\kodilla\spring] for files matching pattern [D:/bartosz-biernacki-kodilla-java-master/kodilla-spring/build/classes/test/com/kodilla/spring/*.class]
23:46:25.046 [Test worker] DEBUG org.springframework.core.io.support.PathMatchingResourcePatternResolver - Looking for matching resources in directory tree [D:\bartosz-biernacki-kodilla-java-master\kodilla-spring\build\classes\main\com\kodilla\spring]
23:46:25.046 [Test worker] DEBUG org.springframework.core.io.support.PathMatchingResourcePatternResolver - Searching directory [D:\bartosz-biernacki-kodilla-java-master\kodilla-spring\build\classes\main\com\kodilla\spring] for files matching pattern [D:/bartosz-biernacki-kodilla-java-master/kodilla-spring/build/classes/main/com/kodilla/spring/*.class]
23:46:25.046 [Test worker] DEBUG org.springframework.core.io.support.PathMatchingResourcePatternResolver - Resolved location pattern [classpath*:com/kodilla/spring/*.class] to resources [file [D:\bartosz-biernacki-kodilla-java-master\kodilla-spring\build\classes\test\com\kodilla\spring\SpringRunnerTestSuite.class], file [D:\bartosz-biernacki-kodilla-java-master\kodilla-spring\build\classes\main\com\kodilla\spring\SpringRunner.class]]
23:46:25.046 [Test worker] DEBUG org.springframework.context.annotation.ClassPathScanningCandidateComponentProvider - Identified candidate component class: file [D:\bartosz-biernacki-kodilla-java-master\kodilla-spring\build\classes\main\com\kodilla\spring\SpringRunner.class]
23:46:25.046 [Test worker] INFO org.springframework.boot.test.context.SpringBootTestContextBootstrapper - Found @SpringBootConfiguration com.kodilla.spring.SpringRunner for test class com.kodilla.spring.portfolio.BoardConfigTestSuiteWithRunner
23:46:25.046 [Test worker] DEBUG org.springframework.boot.test.context.SpringBootTestContextBootstrapper - @TestExecutionListeners is not present for class [com.kodilla.spring.portfolio.BoardConfigTestSuiteWithRunner]: using defaults.
23:46:25.061 [Test worker] INFO org.springframework.boot.test.context.SpringBootTestContextBootstrapper - Loaded default TestExecutionListener class names from location [META-INF/spring.factories]: [org.springframework.boot.test.mock.mockito.MockitoTestExecutionListener, org.springframework.boot.test.mock.mockito.ResetMocksTestExecutionListener, org.springframework.boot.test.autoconfigure.restdocs.RestDocsTestExecutionListener, org.springframework.boot.test.autoconfigure.web.client.MockRestServiceServerResetTestExecutionListener, org.springframework.boot.test.autoconfigure.web.servlet.MockMvcPrintOnlyOnFailureTestExecutionListener, org.springframework.boot.test.autoconfigure.web.servlet.WebDriverTestExecutionListener, org.springframework.test.context.web.ServletTestExecutionListener, org.springframework.test.context.support.DirtiesContextBeforeModesTestExecutionListener, org.springframework.test.context.support.DependencyInjectionTestExecutionListener, org.springframework.test.context.support.DirtiesContextTestExecutionListener, org.springframework.test.context.transaction.TransactionalTestExecutionListener, org.springframework.test.context.jdbc.SqlScriptsTestExecutionListener]
23:46:25.061 [Test worker] INFO org.springframework.boot.test.context.SpringBootTestContextBootstrapper - Could not instantiate TestExecutionListener [org.springframework.test.context.web.ServletTestExecutionListener]. Specify custom listener classes or make the default listener classes (and their required dependencies) available. Offending class: [javax/servlet/ServletContext]
23:46:25.061 [Test worker] INFO org.springframework.boot.test.context.SpringBootTestContextBootstrapper - Could not instantiate TestExecutionListener [org.springframework.test.context.jdbc.SqlScriptsTestExecutionListener]. Specify custom listener classes or make the default listener classes (and their required dependencies) available. Offending class: [org/springframework/transaction/interceptor/TransactionAttribute]
23:46:25.061 [Test worker] INFO org.springframework.boot.test.context.SpringBootTestContextBootstrapper - Could not instantiate TestExecutionListener [org.springframework.test.context.transaction.TransactionalTestExecutionListener]. Specify custom listener classes or make the default listener classes (and their required dependencies) available. Offending class: [org/springframework/transaction/interceptor/TransactionAttributeSource]
23:46:25.061 [Test worker] INFO org.springframework.boot.test.context.SpringBootTestContextBootstrapper - Using TestExecutionListeners: [org.springframework.test.context.support.DirtiesContextBeforeModesTestExecutionListener@5d36eb47, org.springframework.boot.test.autoconfigure.SpringBootDependencyInjectionTestExecutionListener@58c757a9, org.springframework.test.context.support.DirtiesContextTestExecutionListener@42fdc93f, org.springframework.boot.test.mock.mockito.ResetMocksTestExecutionListener@d40e5c, org.springframework.boot.test.autoconfigure.restdocs.RestDocsTestExecutionListener@6ad2a1d2, org.springframework.boot.test.autoconfigure.web.client.MockRestServiceServerResetTestExecutionListener@84ad93e, org.springframework.boot.test.autoconfigure.web.servlet.WebDriverTestExecutionListener@24d25d39, org.springframework.boot.test.autoconfigure.web.servlet.MockMvcPrintOnlyOnFailureTestExecutionListener@4541111, org.springframework.boot.test.mock.mockito.MockitoTestExecutionListener@7bf7fc78]
23:46:25.061 [Test worker] DEBUG org.springframework.test.annotation.ProfileValueUtils - Retrieved @ProfileValueSourceConfiguration [null] for test class [com.kodilla.spring.portfolio.BoardConfigTestSuiteWithRunner]
23:46:25.061 [Test worker] DEBUG org.springframework.test.annotation.ProfileValueUtils - Retrieved ProfileValueSource type [class org.springframework.test.annotation.SystemProfileValueSource] for class [com.kodilla.spring.portfolio.BoardConfigTestSuiteWithRunner]
]]></system-out>
  <system-err><![CDATA[]]></system-err>
</testsuite>
