<?xml version="1.0" encoding="UTF-8"?>
<testsuite name="com.kodilla.hibernate.task.dao.TaskDaoTestSuite" tests="0" skipped="0" failures="0" errors="0" timestamp="1970-01-01T00:00:00" hostname="DESKTOP-7LAPE2A" time="0.0">
  <properties/>
  <system-out><![CDATA[2018-06-05 23:47:34.212  INFO 3044 --- [    Test worker] .b.t.c.SpringBootTestContextBootstrapper : Neither @ContextConfiguration nor @ContextHierarchy found for test class [com.kodilla.hibernate.task.dao.TaskDaoTestSuite], using SpringBootContextLoader
2018-06-05 23:47:34.212  INFO 3044 --- [    Test worker] o.s.t.c.support.AbstractContextLoader    : Could not detect default resource locations for test class [com.kodilla.hibernate.task.dao.TaskDaoTestSuite]: no resource found for suffixes {-context.xml, Context.groovy}.
2018-06-05 23:47:34.212  INFO 3044 --- [    Test worker] t.c.s.AnnotationConfigContextLoaderUtils : Could not detect default configuration classes for test class [com.kodilla.hibernate.task.dao.TaskDaoTestSuite]: TaskDaoTestSuite does not declare any static, non-private, non-final, nested classes annotated with @Configuration.
2018-06-05 23:47:34.224  INFO 3044 --- [    Test worker] .b.t.c.SpringBootTestContextBootstrapper : Found @SpringBootConfiguration com.kodilla.hibernate.KodillaHibernateApplication for test class com.kodilla.hibernate.task.dao.TaskDaoTestSuite
2018-06-05 23:47:34.234  INFO 3044 --- [    Test worker] .b.t.c.SpringBootTestContextBootstrapper : Loaded default TestExecutionListener class names from location [META-INF/spring.factories]: [org.springframework.boot.test.mock.mockito.MockitoTestExecutionListener, org.springframework.boot.test.mock.mockito.ResetMocksTestExecutionListener, org.springframework.boot.test.autoconfigure.restdocs.RestDocsTestExecutionListener, org.springframework.boot.test.autoconfigure.web.client.MockRestServiceServerResetTestExecutionListener, org.springframework.boot.test.autoconfigure.web.servlet.MockMvcPrintOnlyOnFailureTestExecutionListener, org.springframework.boot.test.autoconfigure.web.servlet.WebDriverTestExecutionListener, org.springframework.test.context.web.ServletTestExecutionListener, org.springframework.test.context.support.DirtiesContextBeforeModesTestExecutionListener, org.springframework.test.context.support.DependencyInjectionTestExecutionListener, org.springframework.test.context.support.DirtiesContextTestExecutionListener, org.springframework.test.context.transaction.TransactionalTestExecutionListener, org.springframework.test.context.jdbc.SqlScriptsTestExecutionListener]
2018-06-05 23:47:34.234  INFO 3044 --- [    Test worker] .b.t.c.SpringBootTestContextBootstrapper : Could not instantiate TestExecutionListener [org.springframework.test.context.web.ServletTestExecutionListener]. Specify custom listener classes or make the default listener classes (and their required dependencies) available. Offending class: [javax/servlet/ServletContext]
2018-06-05 23:47:34.234  INFO 3044 --- [    Test worker] .b.t.c.SpringBootTestContextBootstrapper : Using TestExecutionListeners: [org.springframework.test.context.support.DirtiesContextBeforeModesTestExecutionListener@68cb1beb, org.springframework.boot.test.autoconfigure.SpringBootDependencyInjectionTestExecutionListener@6360fb9b, org.springframework.test.context.support.DirtiesContextTestExecutionListener@1faad693, org.springframework.test.context.transaction.TransactionalTestExecutionListener@140fed79, org.springframework.test.context.jdbc.SqlScriptsTestExecutionListener@242ba850, org.springframework.boot.test.autoconfigure.web.servlet.WebDriverTestExecutionListener@4073236d, org.springframework.boot.test.autoconfigure.web.client.MockRestServiceServerResetTestExecutionListener@9a47bbe, org.springframework.boot.test.autoconfigure.restdocs.RestDocsTestExecutionListener@622b2bd6, org.springframework.boot.test.mock.mockito.ResetMocksTestExecutionListener@1bbb66eb, org.springframework.boot.test.autoconfigure.web.servlet.MockMvcPrintOnlyOnFailureTestExecutionListener@420a56ba, org.springframework.boot.test.mock.mockito.MockitoTestExecutionListener@68d9acce]
]]></system-out>
  <system-err><![CDATA[]]></system-err>
</testsuite>
