<?xml version="1.0" encoding="UTF-8"?>
<testsuite name="com.kodilla.hibernate.manytomany.dao.facade.EmploymentFacadeTestSuite" tests="0" skipped="0" failures="0" errors="0" timestamp="1970-01-01T00:00:00" hostname="DESKTOP-7LAPE2A" time="0.0">
  <properties/>
  <system-out><![CDATA[2018-06-12 00:07:34.459  INFO 11132 --- [    Test worker] .b.t.c.SpringBootTestContextBootstrapper : Neither @ContextConfiguration nor @ContextHierarchy found for test class [com.kodilla.hibernate.manytomany.dao.facade.EmploymentFacadeTestSuite], using SpringBootContextLoader
2018-06-12 00:07:34.459  INFO 11132 --- [    Test worker] o.s.t.c.support.AbstractContextLoader    : Could not detect default resource locations for test class [com.kodilla.hibernate.manytomany.dao.facade.EmploymentFacadeTestSuite]: no resource found for suffixes {-context.xml, Context.groovy}.
2018-06-12 00:07:34.459  INFO 11132 --- [    Test worker] t.c.s.AnnotationConfigContextLoaderUtils : Could not detect default configuration classes for test class [com.kodilla.hibernate.manytomany.dao.facade.EmploymentFacadeTestSuite]: EmploymentFacadeTestSuite does not declare any static, non-private, non-final, nested classes annotated with @Configuration.
2018-06-12 00:07:34.475  INFO 11132 --- [    Test worker] .b.t.c.SpringBootTestContextBootstrapper : Found @SpringBootConfiguration com.kodilla.hibernate.KodillaHibernateApplication for test class com.kodilla.hibernate.manytomany.dao.facade.EmploymentFacadeTestSuite
2018-06-12 00:07:34.475  INFO 11132 --- [    Test worker] .b.t.c.SpringBootTestContextBootstrapper : Loaded default TestExecutionListener class names from location [META-INF/spring.factories]: [org.springframework.boot.test.mock.mockito.MockitoTestExecutionListener, org.springframework.boot.test.mock.mockito.ResetMocksTestExecutionListener, org.springframework.boot.test.autoconfigure.restdocs.RestDocsTestExecutionListener, org.springframework.boot.test.autoconfigure.web.client.MockRestServiceServerResetTestExecutionListener, org.springframework.boot.test.autoconfigure.web.servlet.MockMvcPrintOnlyOnFailureTestExecutionListener, org.springframework.boot.test.autoconfigure.web.servlet.WebDriverTestExecutionListener, org.springframework.test.context.web.ServletTestExecutionListener, org.springframework.test.context.support.DirtiesContextBeforeModesTestExecutionListener, org.springframework.test.context.support.DependencyInjectionTestExecutionListener, org.springframework.test.context.support.DirtiesContextTestExecutionListener, org.springframework.test.context.transaction.TransactionalTestExecutionListener, org.springframework.test.context.jdbc.SqlScriptsTestExecutionListener]
2018-06-12 00:07:34.475  INFO 11132 --- [    Test worker] .b.t.c.SpringBootTestContextBootstrapper : Could not instantiate TestExecutionListener [org.springframework.test.context.web.ServletTestExecutionListener]. Specify custom listener classes or make the default listener classes (and their required dependencies) available. Offending class: [javax/servlet/ServletContext]
2018-06-12 00:07:34.475  INFO 11132 --- [    Test worker] .b.t.c.SpringBootTestContextBootstrapper : Using TestExecutionListeners: [org.springframework.test.context.support.DirtiesContextBeforeModesTestExecutionListener@7869de5, org.springframework.boot.test.autoconfigure.SpringBootDependencyInjectionTestExecutionListener@3a8929b2, org.springframework.test.context.support.DirtiesContextTestExecutionListener@4836eb0e, org.springframework.test.context.transaction.TransactionalTestExecutionListener@427cb81e, org.springframework.test.context.jdbc.SqlScriptsTestExecutionListener@71267c01, org.springframework.boot.test.autoconfigure.web.servlet.WebDriverTestExecutionListener@2911f2e, org.springframework.boot.test.autoconfigure.web.client.MockRestServiceServerResetTestExecutionListener@7d00fae9, org.springframework.boot.test.autoconfigure.restdocs.RestDocsTestExecutionListener@5a9b011f, org.springframework.boot.test.mock.mockito.ResetMocksTestExecutionListener@189fb839, org.springframework.boot.test.autoconfigure.web.servlet.MockMvcPrintOnlyOnFailureTestExecutionListener@12fdac6b, org.springframework.boot.test.mock.mockito.MockitoTestExecutionListener@6850db6f]
]]></system-out>
  <system-err><![CDATA[]]></system-err>
</testsuite>
