<?xml version="1.0" encoding="UTF-8"?>
<testsuite name="com.kodilla.patterns.factory.tasks.TaskFactoryTestSuite" tests="6" skipped="0" failures="0" errors="0" timestamp="2018-06-05T20:05:54" hostname="DESKTOP-7LAPE2A" time="0.016">
  <properties/>
  <testcase name="testFactorySmallShopping" classname="com.kodilla.patterns.factory.tasks.TaskFactoryTestSuite" time="0.016"/>
  <testcase name="testFactoryBigPainting" classname="com.kodilla.patterns.factory.tasks.TaskFactoryTestSuite" time="0.0"/>
  <testcase name="testFactorySmallPainting" classname="com.kodilla.patterns.factory.tasks.TaskFactoryTestSuite" time="0.0"/>
  <testcase name="testFactoryLongWayDriving" classname="com.kodilla.patterns.factory.tasks.TaskFactoryTestSuite" time="0.0"/>
  <testcase name="testFactoryShortWayDriving" classname="com.kodilla.patterns.factory.tasks.TaskFactoryTestSuite" time="0.0"/>
  <testcase name="testFactoryBigShopping" classname="com.kodilla.patterns.factory.tasks.TaskFactoryTestSuite" time="0.0"/>
  <system-out><![CDATA[Very small shopping:
buying 0,500000 kg of bread
Very big painting:
painting house elevation in yellow color
Very small painting:
painting door in white color
Very long way driving:
driving to New York using aeroplane
Very short way driving:
driving to Warsaw using a car
Expensive shopping:
buying 1,000000 item of house
]]></system-out>
  <system-err><![CDATA[]]></system-err>
</testsuite>
